ssh://fc@10.236.12.182:22/home/hdd/anaconda3/envs/fc-STAN/bin/python -u /home/fc/桌面/DeepLearning/BPR/main.py
用户数=52643,item数=91599
共2984108次交互=训练集交互数(2380730)+测试集交互数(603378),sparsity=0.00062
训练:共2380730个交互数,50个epoch,每个step的batch_size=2000，每个epoch有1191个step
epoch 0：97.28s,训练总损失(0.6756)=矩阵分解损失(0.6756)+嵌入损失(0.0000)
epoch 0 229.91s 测试 precision 是 [   0    0], recall 是[0.0004    0] ,ndcg是 [0.0015    0],hit_ration是[0.0047    0]，MAP是[0.0001    0],auc 是    0
epoch 1：92.12s,训练总损失(0.5434)=矩阵分解损失(0.5433)+嵌入损失(0.0000)
epoch 2：91.56s,训练总损失(0.4030)=矩阵分解损失(0.4030)+嵌入损失(0.0000)
epoch 3：91.72s,训练总损失(0.3167)=矩阵分解损失(0.3167)+嵌入损失(0.0001)
epoch 4：91.92s,训练总损失(0.2645)=矩阵分解损失(0.2644)+嵌入损失(0.0001)
epoch 5：91.62s,训练总损失(0.2299)=矩阵分解损失(0.2298)+嵌入损失(0.0001)
epoch 5 208.10s 测试 precision 是 [   0    0], recall 是[0.0004    0] ,ndcg是 [0.0015    0],hit_ration是[0.0047    0]，MAP是[0.0001    0],auc 是    0
epoch 6：93.50s,训练总损失(0.2052)=矩阵分解损失(0.2051)+嵌入损失(0.0001)
epoch 7：112.53s,训练总损失(0.1853)=矩阵分解损失(0.1852)+嵌入损失(0.0001)
epoch 8：112.98s,训练总损失(0.1709)=矩阵分解损失(0.1708)+嵌入损失(0.0001)
epoch 9：110.45s,训练总损失(0.1588)=矩阵分解损失(0.1587)+嵌入损失(0.0001)
epoch 10：109.11s,训练总损失(0.1480)=矩阵分解损失(0.1479)+嵌入损失(0.0001)
epoch 10 204.72s 测试 precision 是 [   0    0], recall 是[0.0004    0] ,ndcg是 [0.0015    0],hit_ration是[0.0047    0]，MAP是[0.0001    0],auc 是    0
epoch 11：92.69s,训练总损失(0.1391)=矩阵分解损失(0.1390)+嵌入损失(0.0001)
epoch 12：92.52s,训练总损失(0.1319)=矩阵分解损失(0.1318)+嵌入损失(0.0001)
epoch 13：92.66s,训练总损失(0.1247)=矩阵分解损失(0.1245)+嵌入损失(0.0001)
epoch 14：93.15s,训练总损失(0.1184)=矩阵分解损失(0.1183)+嵌入损失(0.0001)
epoch 15：92.83s,训练总损失(0.1132)=矩阵分解损失(0.1130)+嵌入损失(0.0002)
epoch 15 206.86s 测试 precision 是 [   0    0], recall 是[0.0004    0] ,ndcg是 [0.0015    0],hit_ration是[0.0047    0]，MAP是[0.0001    0],auc 是    0
epoch 16：108.79s,训练总损失(0.1087)=矩阵分解损失(0.1085)+嵌入损失(0.0002)
epoch 17：99.07s,训练总损失(0.1041)=矩阵分解损失(0.1040)+嵌入损失(0.0002)
epoch 18：95.26s,训练总损失(0.1002)=矩阵分解损失(0.1001)+嵌入损失(0.0002)
epoch 19：121.77s,训练总损失(0.0964)=矩阵分解损失(0.0962)+嵌入损失(0.0002)
epoch 20：111.61s,训练总损失(0.0935)=矩阵分解损失(0.0934)+嵌入损失(0.0002)
epoch 20 197.73s 测试 precision 是 [   0    0], recall 是[0.0004    0] ,ndcg是 [0.0015    0],hit_ration是[0.0047    0]，MAP是[0.0001    0],auc 是    0
epoch 21：91.31s,训练总损失(0.0904)=矩阵分解损失(0.0902)+嵌入损失(0.0002)
epoch 22：91.05s,训练总损失(0.0876)=矩阵分解损失(0.0874)+嵌入损失(0.0002)
epoch 23：90.81s,训练总损失(0.0848)=矩阵分解损失(0.0846)+嵌入损失(0.0002)
epoch 24：90.79s,训练总损失(0.0825)=矩阵分解损失(0.0823)+嵌入损失(0.0002)
epoch 25：96.24s,训练总损失(0.0806)=矩阵分解损失(0.0804)+嵌入损失(0.0002)
epoch 25 195.51s 测试 precision 是 [   0    0], recall 是[0.0004    0] ,ndcg是 [0.0015    0],hit_ration是[0.0047    0]，MAP是[0.0001    0],auc 是    0
epoch 26：93.48s,训练总损失(0.0787)=矩阵分解损失(0.0784)+嵌入损失(0.0002)
epoch 27：92.63s,训练总损失(0.0769)=矩阵分解损失(0.0767)+嵌入损失(0.0002)
epoch 28：92.56s,训练总损失(0.0754)=矩阵分解损失(0.0752)+嵌入损失(0.0002)
epoch 29：92.44s,训练总损失(0.0736)=矩阵分解损失(0.0734)+嵌入损失(0.0002)
epoch 30：92.44s,训练总损失(0.0723)=矩阵分解损失(0.0721)+嵌入损失(0.0002)
epoch 30 196.89s 测试 precision 是 [   0    0], recall 是[0.0004    0] ,ndcg是 [0.0015    0],hit_ration是[0.0047    0]，MAP是[0.0001    0],auc 是    0
epoch 31：113.65s,训练总损失(0.0708)=矩阵分解损失(0.0705)+嵌入损失(0.0002)
epoch 32：101.50s,训练总损失(0.0697)=矩阵分解损失(0.0694)+嵌入损失(0.0002)
epoch 33：90.66s,训练总损失(0.0685)=矩阵分解损失(0.0682)+嵌入损失(0.0002)
epoch 34：90.60s,训练总损失(0.0675)=矩阵分解损失(0.0673)+嵌入损失(0.0002)
epoch 35：90.60s,训练总损失(0.0664)=矩阵分解损失(0.0661)+嵌入损失(0.0002)
epoch 35 197.03s 测试 precision 是 [   0    0], recall 是[0.0004    0] ,ndcg是 [0.0015    0],hit_ration是[0.0047    0]，MAP是[0.0001    0],auc 是    0
epoch 36：89.63s,训练总损失(0.0650)=矩阵分解损失(0.0648)+嵌入损失(0.0002)
epoch 37：89.68s,训练总损失(0.0642)=矩阵分解损失(0.0640)+嵌入损失(0.0002)
epoch 38：89.70s,训练总损失(0.0636)=矩阵分解损失(0.0634)+嵌入损失(0.0003)
epoch 39：90.21s,训练总损失(0.0627)=矩阵分解损失(0.0624)+嵌入损失(0.0003)
epoch 40：90.21s,训练总损失(0.0619)=矩阵分解损失(0.0617)+嵌入损失(0.0003)
epoch 40 194.08s 测试 precision 是 [   0    0], recall 是[0.0004    0] ,ndcg是 [0.0015    0],hit_ration是[0.0047    0]，MAP是[0.0001    0],auc 是    0
epoch 41：91.96s,训练总损失(0.0610)=矩阵分解损失(0.0607)+嵌入损失(0.0003)
epoch 42：90.56s,训练总损失(0.0604)=矩阵分解损失(0.0601)+嵌入损失(0.0003)
epoch 43：91.03s,训练总损失(0.0597)=矩阵分解损失(0.0594)+嵌入损失(0.0003)
epoch 44：90.91s,训练总损失(0.0593)=矩阵分解损失(0.0591)+嵌入损失(0.0003)
epoch 45：90.60s,训练总损失(0.0584)=矩阵分解损失(0.0581)+嵌入损失(0.0003)
epoch 45 205.12s 测试 precision 是 [   0    0], recall 是[0.0004    0] ,ndcg是 [0.0015    0],hit_ration是[0.0047    0]，MAP是[0.0001    0],auc 是    0
epoch 46：140.63s,训练总损失(0.0580)=矩阵分解损失(0.0577)+嵌入损失(0.0003)
epoch 47：150.52s,训练总损失(0.0574)=矩阵分解损失(0.0572)+嵌入损失(0.0003)
epoch 48：150.30s,训练总损失(0.0571)=矩阵分解损失(0.0568)+嵌入损失(0.0003)
epoch 49：148.39s,训练总损失(0.0565)=矩阵分解损失(0.0562)+嵌入损失(0.0003)


Process finished with exit code 0
