nohup: 忽略输入
cuda ready...
n_users=52643, n_items=91599
n_interactions=2984108
n_train=2380730, n_test=603378, sparsity=0.00062
cuda:0
Train on 2380730 samples,  1191 steps per epoch
epoch 0 84.12s train loss is [0.6774 = 0.6774 + 0.0000]
epoch 0 289.22s test precision is [0.0054 0.0036] recall is [0.0117 0.0373] ndcg is [0.0280 0.0587] hit_ratio is [0.0851 0.2179] MAP is [0.0030 0.0039] auc is 0.0000

epoch 1 83.16s train loss is [0.5460 = 0.5460 + 0.0000]

epoch 2 79.94s train loss is [0.4026 = 0.4025 + 0.0000]

epoch 3 96.82s train loss is [0.3143 = 0.3142 + 0.0001]

epoch 4 89.31s train loss is [0.2603 = 0.2602 + 0.0001]

epoch 5 79.81s train loss is [0.2243 = 0.2243 + 0.0001]
epoch 5 166.06s test precision is [0.0075 0.0053] recall is [0.0168 0.0573] ndcg is [0.0373 0.0833] hit_ratio is [0.1197 0.3186] MAP is [0.0040 0.0053] auc is 0.0000

epoch 6 97.30s train loss is [0.1991 = 0.1991 + 0.0001]

epoch 7 97.18s train loss is [0.1803 = 0.1802 + 0.0001]

epoch 8 96.52s train loss is [0.1654 = 0.1653 + 0.0001]

epoch 9 97.74s train loss is [0.1531 = 0.1529 + 0.0001]

epoch 10 83.90s train loss is [0.1434 = 0.1433 + 0.0001]
epoch 10 162.22s test precision is [0.0081 0.0057] recall is [0.0184 0.0621] ndcg is [0.0396 0.0888] hit_ratio is [0.1286 0.3399] MAP is [0.0043 0.0057] auc is 0.0000

epoch 11 79.70s train loss is [0.1347 = 0.1346 + 0.0001]

epoch 12 81.84s train loss is [0.1277 = 0.1276 + 0.0001]

epoch 13 83.85s train loss is [0.1214 = 0.1213 + 0.0001]

epoch 14 80.16s train loss is [0.1155 = 0.1153 + 0.0001]

epoch 15 81.48s train loss is [0.1109 = 0.1107 + 0.0002]
epoch 15 161.76s test precision is [0.0083 0.0059] recall is [0.0190 0.0649] ndcg is [0.0398 0.0913] hit_ratio is [0.1320 0.3542] MAP is [0.0042 0.0058] auc is 0.0000

epoch 16 79.90s train loss is [0.1062 = 0.1061 + 0.0002]

epoch 17 84.64s train loss is [0.1022 = 0.1021 + 0.0002]

epoch 18 101.43s train loss is [0.0988 = 0.0987 + 0.0002]

epoch 19 81.99s train loss is [0.0954 = 0.0952 + 0.0002]

epoch 20 80.09s train loss is [0.0924 = 0.0922 + 0.0002]
epoch 20 161.85s test precision is [0.0087 0.0062] recall is [0.0200 0.0676] ndcg is [0.0415 0.0948] hit_ratio is [0.1387 0.3666] MAP is [0.0045 0.0061] auc is 0.0000

epoch 21 97.34s train loss is [0.0898 = 0.0896 + 0.0002]

epoch 22 97.41s train loss is [0.0872 = 0.0870 + 0.0002]

epoch 23 96.21s train loss is [0.0850 = 0.0848 + 0.0002]

epoch 24 96.38s train loss is [0.0829 = 0.0827 + 0.0002]

epoch 25 96.64s train loss is [0.0809 = 0.0807 + 0.0002]
epoch 25 163.68s test precision is [0.0088 0.0064] recall is [0.0201 0.0689] ndcg is [0.0419 0.0966] hit_ratio is [0.1397 0.3740] MAP is [0.0045 0.0062] auc is 0.0000

epoch 26 79.90s train loss is [0.0792 = 0.0790 + 0.0002]

epoch 27 79.70s train loss is [0.0775 = 0.0773 + 0.0002]

epoch 28 81.01s train loss is [0.0758 = 0.0755 + 0.0002]

epoch 29 79.33s train loss is [0.0745 = 0.0743 + 0.0002]

epoch 30 80.58s train loss is [0.0734 = 0.0732 + 0.0002]
epoch 30 161.74s test precision is [0.0090 0.0064] recall is [0.0205 0.0697] ndcg is [0.0432 0.0979] hit_ratio is [0.1428 0.3762] MAP is [0.0047 0.0063] auc is 0.0000

epoch 31 101.28s train loss is [0.0721 = 0.0719 + 0.0002]

epoch 32 102.32s train loss is [0.0710 = 0.0707 + 0.0002]

epoch 33 95.95s train loss is [0.0696 = 0.0693 + 0.0002]

epoch 34 102.74s train loss is [0.0686 = 0.0684 + 0.0002]

epoch 35 93.48s train loss is [0.0675 = 0.0672 + 0.0002]
epoch 35 162.69s test precision is [0.0090 0.0065] recall is [0.0205 0.0700] ndcg is [0.0433 0.0985] hit_ratio is [0.1437 0.3785] MAP is [0.0047 0.0064] auc is 0.0000

epoch 36 83.79s train loss is [0.0662 = 0.0660 + 0.0002]

epoch 37 80.17s train loss is [0.0657 = 0.0654 + 0.0002]

epoch 38 81.69s train loss is [0.0651 = 0.0649 + 0.0003]

epoch 39 79.17s train loss is [0.0637 = 0.0634 + 0.0003]

epoch 40 78.35s train loss is [0.0634 = 0.0631 + 0.0003]
epoch 40 161.96s test precision is [0.0092 0.0065] recall is [0.0212 0.0711] ndcg is [0.0442 0.0994] hit_ratio is [0.1465 0.3802] MAP is [0.0048 0.0065] auc is 0.0000

epoch 41 78.25s train loss is [0.0626 = 0.0624 + 0.0003]

epoch 42 78.61s train loss is [0.0621 = 0.0618 + 0.0003]

epoch 43 78.93s train loss is [0.0611 = 0.0608 + 0.0003]

epoch 44 82.10s train loss is [0.0606 = 0.0604 + 0.0003]

epoch 45 81.36s train loss is [0.0601 = 0.0598 + 0.0003]
epoch 45 163.16s test precision is [0.0091 0.0066] recall is [0.0208 0.0711] ndcg is [0.0437 0.0995] hit_ratio is [0.1451 0.3820] MAP is [0.0047 0.0064] auc is 0.0000

epoch 46 80.31s train loss is [0.0594 = 0.0592 + 0.0003]

epoch 47 81.16s train loss is [0.0588 = 0.0585 + 0.0003]

epoch 48 79.88s train loss is [0.0586 = 0.0583 + 0.0003]

epoch 49 79.81s train loss is [0.0581 = 0.0578 + 0.0003]

